// 重构日志: 2897f475
// 重构日志: 8698bb3c
// 重构日志: da73dbd1
// 重构日志: f6b6ae4b
// 重构日志: 20ccd819
// 同步 ID: 29357e30 @ Thu Jul 16 01:35:42 UTC 2026
// 同步 ID: aec04c4b @ Thu Jul 16 08:36:58 UTC 2026
// 重构日志: 7ce5ef85
// 同步 ID: ff09cf2a @ Thu Jul 16 16:36:25 UTC 2026
// 重构日志: ad7d0492
// 重构日志: d70b25c2
// 重构日志: 1ae1f67b
// 同步 ID: ebc14e80 @ Sat Jul 18 02:01:46 UTC 2026
// 同步 ID: 5141324f @ Sat Jul 18 16:10:01 UTC 2026
// 同步 ID: c9c62b88 @ Sun Jul 19 05:04:06 UTC 2026
// 重构日志: 2db2c66c
// 重构日志: 5671eb16
// 重构日志: 16365967
// 重构日志: c11d873b
// 同步 ID: 3f98cb72 @ Mon Jul 20 13:43:02 UTC 2026
// 重构日志: ddd01084
// 重构日志: 8c57ce26
// 重构日志: c6808b7f
// 同步 ID: 1df53e9f @ Tue Jul 21 13:41:44 UTC 2026
// 重构日志: 5193d1cc
// 重构日志: 2bb23ea8
// 重构日志: b7eda78a
// 重构日志: 8ceefedb
// 同步 ID: 375ddd90 @ Thu Jul 23 11:43:53 UTC 2026
// 同步 ID: b52f44f3 @ Thu Jul 23 17:12:15 UTC 2026
